mode: set
github.com/ternarybob/banner/banner.go:103.20,112.2 1 1
github.com/ternarybob/banner/banner.go:114.48,115.44 1 1
github.com/ternarybob/banner/banner.go:115.44,118.3 2 1
github.com/ternarybob/banner/banner.go:119.2,119.10 1 1
github.com/ternarybob/banner/banner.go:122.46,125.2 2 1
github.com/ternarybob/banner/banner.go:127.55,130.2 2 1
github.com/ternarybob/banner/banner.go:132.53,135.2 2 1
github.com/ternarybob/banner/banner.go:137.45,140.2 2 1
github.com/ternarybob/banner/banner.go:142.33,146.2 3 1
github.com/ternarybob/banner/banner.go:148.36,152.2 3 1
github.com/ternarybob/banner/banner.go:154.39,158.2 3 1
github.com/ternarybob/banner/banner.go:160.41,162.2 1 1
github.com/ternarybob/banner/banner.go:164.49,166.2 1 1
github.com/ternarybob/banner/banner.go:168.46,170.2 1 1
github.com/ternarybob/banner/banner.go:180.71,183.28 2 1
github.com/ternarybob/banner/banner.go:183.28,185.3 1 1
github.com/ternarybob/banner/banner.go:187.2,188.15 2 1
github.com/ternarybob/banner/banner.go:189.19,190.46 1 1
github.com/ternarybob/banner/banner.go:191.18,192.50 1 1
github.com/ternarybob/banner/banner.go:193.10,194.49 1 1
github.com/ternarybob/banner/banner.go:197.2,201.12 4 1
github.com/ternarybob/banner/banner.go:201.12,203.3 1 1
github.com/ternarybob/banner/banner.go:205.2,207.65 2 1
github.com/ternarybob/banner/banner.go:210.35,212.2 1 1
github.com/ternarybob/banner/banner.go:214.64,217.2 2 1
github.com/ternarybob/banner/banner.go:219.60,220.24 1 1
github.com/ternarybob/banner/banner.go:220.24,222.3 1 1
github.com/ternarybob/banner/banner.go:224.2,228.76 4 1
github.com/ternarybob/banner/banner.go:231.63,232.24 1 1
github.com/ternarybob/banner/banner.go:232.24,234.3 1 1
github.com/ternarybob/banner/banner.go:235.2,235.52 1 1
github.com/ternarybob/banner/banner.go:238.64,239.24 1 1
github.com/ternarybob/banner/banner.go:239.24,241.3 1 1
github.com/ternarybob/banner/banner.go:242.2,242.52 1 1
github.com/ternarybob/banner/banner.go:245.53,246.17 1 1
github.com/ternarybob/banner/banner.go:246.17,248.3 1 1
github.com/ternarybob/banner/banner.go:248.8,250.3 1 1
github.com/ternarybob/banner/banner.go:253.56,254.17 1 1
github.com/ternarybob/banner/banner.go:254.17,256.3 1 1
github.com/ternarybob/banner/banner.go:257.2,257.13 1 1
github.com/ternarybob/banner/banner.go:260.42,263.17 3 1
github.com/ternarybob/banner/banner.go:263.17,265.3 1 1
github.com/ternarybob/banner/banner.go:266.2,266.20 1 1
github.com/ternarybob/banner/banner.go:266.20,268.3 1 1
github.com/ternarybob/banner/banner.go:269.2,269.21 1 1
github.com/ternarybob/banner/banner.go:272.76,275.17 3 1
github.com/ternarybob/banner/banner.go:275.17,277.3 1 1
github.com/ternarybob/banner/banner.go:278.2,278.20 1 1
github.com/ternarybob/banner/banner.go:278.20,280.3 1 1
github.com/ternarybob/banner/banner.go:281.2,281.21 1 1
github.com/ternarybob/banner/example/main.go:8.13,45.27 17 0
github.com/ternarybob/banner/example/main.go:45.27,59.3 9 0
github.com/ternarybob/banner/example/main.go:61.2,80.27 15 0
